<?xml version="1.0" encoding="UTF-8"?>
<!-- Generated by org.testng.reporters.JUnitReportReporter -->
<testsuite skipped="0" hostname="PL3450-95K9042" name="com.assignment.opus.testPosts" tests="1" failures="0" timestamp="30 Jan 2019 17:34:55 GMT" time="0.856" errors="0">
  <testcase name="postTest" time="0.856" classname="com.assignment.opus.testPosts"/>
</testsuite> <!-- com.assignment.opus.testPosts -->
