<?xml version="1.0" encoding="UTF-8"?>
<!-- Generated by org.testng.reporters.JUnitReportReporter -->
<testsuite skipped="0" hostname="PL3450-95K9042" name="com.assignment.opus.getComments" tests="1" failures="0" timestamp="30 Jan 2019 17:34:55 GMT" time="4.170" errors="0">
  <testcase name="getcommentsDetails" time="4.170" classname="com.assignment.opus.getComments"/>
</testsuite> <!-- com.assignment.opus.getComments -->
